[debug] [2026-01-25T12:31:03.693Z] ----------------------------------------------------------------------
[debug] [2026-01-25T12:31:03.695Z] Command:       /nix/store/ws50yvm6vzlzf7jzz6n7xh4szddrack1-nodejs-20.19.1/bin/node /nix/store/c776mhyhgykcld7p90ajrka149ifn61a-firebase-tools-14.26.0/lib/node_modules/firebase-tools/lib/bin/firebase.js init hosting
[debug] [2026-01-25T12:31:03.695Z] CLI Version:   14.26.0
[debug] [2026-01-25T12:31:03.695Z] Platform:      linux
[debug] [2026-01-25T12:31:03.695Z] Node Version:  v20.19.1
[debug] [2026-01-25T12:31:03.695Z] Time:          Sun Jan 25 2026 12:31:03 GMT+0000 (Coordinated Universal Time)
[debug] [2026-01-25T12:31:03.696Z] ----------------------------------------------------------------------
[debug] 
[debug] [2026-01-25T12:31:03.699Z] No OAuth tokens found
[debug] [2026-01-25T12:31:03.700Z] No OAuth tokens found
[error] Failed to fetch Firebase Project from current Studio Workspace: Unable to refresh auth: not yet authenticated.
[info] 
     ######## #### ########  ######## ########     ###     ######  ########
     ##        ##  ##     ## ##       ##     ##  ##   ##  ##       ##
     ######    ##  ########  ######   ########  #########  ######  ######
     ##        ##  ##    ##  ##       ##     ## ##     ##       ## ##
     ##       #### ##     ## ######## ########  ##     ##  ######  ########

You're about to initialize a Firebase project in this directory:

  /home/user/portfolio

[info] 
=== Project Setup
[info] 
[info] First, let's associate this project directory with a Firebase project.
[info] You can create multiple project aliases by running firebase use --add, 
[info] 
